<?xml version="1.0" encoding="UTF-8"?>
<!-- Generated by org.testng.reporters.JUnitReportReporter -->
<testsuite hostname="MAA-5CG9368WMV" failures="0" tests="1" name="donateNowCheck.ImpactGuruDonateNow" time="20.416" errors="0" timestamp="2021-06-03T18:37:22 IST" skipped="0">
  <testcase classname="donateNowCheck.ImpactGuruDonateNow" name="openChromeAndLoadWebsite" time="20.416"/>
  <system-out/>
</testsuite> <!-- donateNowCheck.ImpactGuruDonateNow -->
