<?xml version="1.0" encoding="UTF-8"?>
<!-- Generated by org.testng.reporters.JUnitReportReporter -->
<testsuite hostname="MAA-5CG9368WMV" failures="0" tests="1" name="donateNowCheck.ImpactGuruRunner" time="52.281" errors="0" timestamp="2021-06-03T20:34:18 IST" skipped="0">
  <testcase classname="donateNowCheck.ImpactGuruRunner" name="impactGuruLogin" time="52.281"/>
  <system-out/>
</testsuite> <!-- donateNowCheck.ImpactGuruRunner -->
